[0m14:30:30.736921 [debug] [MainThread]: Sending event: {'category': 'dbt', 'action': 'invocation', 'label': 'start', 'context': [<snowplow_tracker.self_describing_json.SelfDescribingJson object at 0x00000138CAF54390>, <snowplow_tracker.self_describing_json.SelfDescribingJson object at 0x00000138CAF32CD0>, <snowplow_tracker.self_describing_json.SelfDescribingJson object at 0x00000138CAF31E10>]}


============================== 14:30:30.741345 | 763f0e97-3cd1-4ac5-a51f-e92662e69691 ==============================
[0m14:30:30.741345 [info ] [MainThread]: Running with dbt=1.8.0
[0m14:30:30.741345 [debug] [MainThread]: running dbt with arguments {'printer_width': '80', 'indirect_selection': 'eager', 'write_json': 'True', 'log_cache_events': 'False', 'partial_parse': 'True', 'cache_selected_only': 'False', 'profiles_dir': 'C:\\Users\\RoyJoseVettiyaden\\.dbt', 'debug': 'False', 'warn_error': 'None', 'log_path': 'logs', 'fail_fast': 'False', 'version_check': 'True', 'use_colors': 'True', 'use_experimental_parser': 'False', 'no_print': 'None', 'quiet': 'False', 'log_format': 'default', 'invocation_command': 'dbt init dbt_demo', 'static_parser': 'True', 'warn_error_options': 'WarnErrorOptions(include=[], exclude=[])', 'target_path': 'None', 'introspect': 'True', 'send_anonymous_usage_stats': 'True'}
[0m14:30:30.780928 [debug] [MainThread]: Starter project path: C:\Python311\Lib\site-packages\dbt\include\starter_project
[0m14:30:30.820116 [info ] [MainThread]: 
Your new dbt project "dbt_demo" was created!

For more information on how to configure the profiles.yml file,
please consult the dbt documentation here:

  https://docs.getdbt.com/docs/configure-your-profile

One more thing:

Need help? Don't hesitate to reach out to us via GitHub issues or on Slack:

  https://community.getdbt.com/

Happy modeling!

[0m14:30:30.820116 [info ] [MainThread]: Setting up your profile.
[0m14:37:35.726283 [info ] [MainThread]: Profile dbt_demo written to C:\Users\RoyJoseVettiyaden\.dbt\profiles.yml using target's profile_template.yml and your supplied values. Run 'dbt debug' to validate the connection.
[0m14:37:35.726283 [debug] [MainThread]: Command `dbt init` succeeded at 14:37:35.726283 after 425.25 seconds
[0m14:37:35.726283 [debug] [MainThread]: Sending event: {'category': 'dbt', 'action': 'invocation', 'label': 'end', 'context': [<snowplow_tracker.self_describing_json.SelfDescribingJson object at 0x00000138CAF30550>, <snowplow_tracker.self_describing_json.SelfDescribingJson object at 0x00000138CAF27ED0>, <snowplow_tracker.self_describing_json.SelfDescribingJson object at 0x00000138DC342A90>]}
[0m14:37:35.726283 [debug] [MainThread]: Flushing usage events
[0m14:38:14.636353 [debug] [MainThread]: Sending event: {'category': 'dbt', 'action': 'invocation', 'label': 'start', 'context': [<snowplow_tracker.self_describing_json.SelfDescribingJson object at 0x0000022D740C5B50>, <snowplow_tracker.self_describing_json.SelfDescribingJson object at 0x0000022D7372B110>, <snowplow_tracker.self_describing_json.SelfDescribingJson object at 0x0000022D740BB690>]}


============================== 14:38:14.639361 | e38611ed-a77f-4608-94ca-56ed396a5f61 ==============================
[0m14:38:14.639361 [info ] [MainThread]: Running with dbt=1.8.0
[0m14:38:14.639361 [debug] [MainThread]: running dbt with arguments {'printer_width': '80', 'indirect_selection': 'eager', 'write_json': 'True', 'log_cache_events': 'False', 'partial_parse': 'True', 'cache_selected_only': 'False', 'profiles_dir': 'C:\\Users\\RoyJoseVettiyaden\\.dbt', 'version_check': 'True', 'debug': 'False', 'log_path': 'logs', 'fail_fast': 'False', 'warn_error': 'None', 'use_colors': 'True', 'use_experimental_parser': 'False', 'no_print': 'None', 'quiet': 'False', 'warn_error_options': 'WarnErrorOptions(include=[], exclude=[])', 'introspect': 'True', 'static_parser': 'True', 'log_format': 'default', 'target_path': 'None', 'invocation_command': 'dbt debug', 'send_anonymous_usage_stats': 'True'}
[0m14:38:14.670403 [info ] [MainThread]: dbt version: 1.8.0
[0m14:38:14.670910 [info ] [MainThread]: python version: 3.11.4
[0m14:38:14.670910 [info ] [MainThread]: python path: C:\Python311\python.exe
[0m14:38:14.670910 [info ] [MainThread]: os info: Windows-10-10.0.22631-SP0
[0m14:38:15.697784 [info ] [MainThread]: Using profiles dir at C:\Users\RoyJoseVettiyaden\.dbt
[0m14:38:15.697784 [info ] [MainThread]: Using profiles.yml file at C:\Users\RoyJoseVettiyaden\.dbt\profiles.yml
[0m14:38:15.697784 [info ] [MainThread]: Using dbt_project.yml file at C:\Users\RoyJoseVettiyaden\Desktop\dbt_demo\dbt_project.yml
[0m14:38:15.697784 [info ] [MainThread]: adapter type: bigquery
[0m14:38:15.697784 [info ] [MainThread]: adapter version: 1.8.1
[0m14:38:15.697784 [info ] [MainThread]: Configuration:
[0m14:38:15.713642 [info ] [MainThread]:   profiles.yml file [[32mOK found and valid[0m]
[0m14:38:15.713642 [info ] [MainThread]:   dbt_project.yml file [[31mERROR not found[0m]
[0m14:38:15.713642 [info ] [MainThread]: Required dependencies:
[0m14:38:15.713642 [debug] [MainThread]: Executing "git --help"
[0m14:38:15.817157 [debug] [MainThread]: STDOUT: "b"usage: git [-v | --version] [-h | --help] [-C <path>] [-c <name>=<value>]\n           [--exec-path[=<path>]] [--html-path] [--man-path] [--info-path]\n           [-p | --paginate | -P | --no-pager] [--no-replace-objects] [--bare]\n           [--git-dir=<path>] [--work-tree=<path>] [--namespace=<name>]\n           [--config-env=<name>=<envvar>] <command> [<args>]\n\nThese are common Git commands used in various situations:\n\nstart a working area (see also: git help tutorial)\n   clone     Clone a repository into a new directory\n   init      Create an empty Git repository or reinitialize an existing one\n\nwork on the current change (see also: git help everyday)\n   add       Add file contents to the index\n   mv        Move or rename a file, a directory, or a symlink\n   restore   Restore working tree files\n   rm        Remove files from the working tree and from the index\n\nexamine the history and state (see also: git help revisions)\n   bisect    Use binary search to find the commit that introduced a bug\n   diff      Show changes between commits, commit and working tree, etc\n   grep      Print lines matching a pattern\n   log       Show commit logs\n   show      Show various types of objects\n   status    Show the working tree status\n\ngrow, mark and tweak your common history\n   branch    List, create, or delete branches\n   commit    Record changes to the repository\n   merge     Join two or more development histories together\n   rebase    Reapply commits on top of another base tip\n   reset     Reset current HEAD to the specified state\n   switch    Switch branches\n   tag       Create, list, delete or verify a tag object signed with GPG\n\ncollaborate (see also: git help workflows)\n   fetch     Download objects and refs from another repository\n   pull      Fetch from and integrate with another repository or a local branch\n   push      Update remote refs along with associated objects\n\n'git help -a' and 'git help -g' list available subcommands and some\nconcept guides. See 'git help <command>' or 'git help <concept>'\nto read about a specific subcommand or concept.\nSee 'git help git' for an overview of the system.\n""
[0m14:38:15.817157 [debug] [MainThread]: STDERR: "b''"
[0m14:38:15.817157 [info ] [MainThread]:  - git [[32mOK found[0m]

[0m14:38:15.820040 [info ] [MainThread]: Connection:
[0m14:38:15.820040 [info ] [MainThread]:   method: service-account
[0m14:38:15.820040 [info ] [MainThread]:   database: cad-de-itd
[0m14:38:15.820040 [info ] [MainThread]:   execution_project: cad-de-itd
[0m14:38:15.823573 [info ] [MainThread]:   schema: dbt_test_dataset
[0m14:38:15.823573 [info ] [MainThread]:   location: US
[0m14:38:15.823573 [info ] [MainThread]:   priority: interactive
[0m14:38:15.823573 [info ] [MainThread]:   maximum_bytes_billed: None
[0m14:38:15.826483 [info ] [MainThread]:   impersonate_service_account: None
[0m14:38:15.826483 [info ] [MainThread]:   job_retry_deadline_seconds: None
[0m14:38:15.827842 [info ] [MainThread]:   job_retries: 1
[0m14:38:15.827842 [info ] [MainThread]:   job_creation_timeout_seconds: None
[0m14:38:15.827842 [info ] [MainThread]:   job_execution_timeout_seconds: 300
[0m14:38:15.827842 [info ] [MainThread]:   timeout_seconds: 300
[0m14:38:15.827842 [info ] [MainThread]:   client_id: None
[0m14:38:15.827842 [info ] [MainThread]:   token_uri: None
[0m14:38:15.827842 [info ] [MainThread]:   dataproc_region: None
[0m14:38:15.827842 [info ] [MainThread]:   dataproc_cluster_name: None
[0m14:38:15.827842 [info ] [MainThread]:   gcs_bucket: None
[0m14:38:15.827842 [info ] [MainThread]:   dataproc_batch: None
[0m14:38:15.827842 [info ] [MainThread]: Registered adapter: bigquery=1.8.1
[0m14:38:15.827842 [debug] [MainThread]: Acquiring new bigquery connection 'debug'
[0m14:38:15.827842 [debug] [MainThread]: Opening a new connection, currently in state init
[0m14:38:15.827842 [debug] [MainThread]: BigQuery adapter: Got an error when attempting to create a bigquery client: '[Errno 22] Invalid argument: '"C:/Users/RoyJoseVettiyaden/Desktop/Hindu-GCP/TheHindu-DataPlatform/cad-de-itd-c3c3f19ced47.json''
[0m14:38:15.839391 [info ] [MainThread]:   Connection test: [[31mERROR[0m]

[0m14:38:15.839391 [info ] [MainThread]: [31m2 checks failed:[0m
[0m14:38:15.839391 [info ] [MainThread]: Project loading failed for the following reason:
 project path <C:\Users\RoyJoseVettiyaden\Desktop\dbt_demo\dbt_project.yml> not found

[0m14:38:15.839391 [info ] [MainThread]: dbt was unable to connect to the specified database.
The database returned the following error:

  >Database Error
  [Errno 22] Invalid argument: '"C:/Users/RoyJoseVettiyaden/Desktop/Hindu-GCP/TheHindu-DataPlatform/cad-de-itd-c3c3f19ced47.json'

Check your database credentials and try again. For more information, visit:
https://docs.getdbt.com/docs/configure-your-profile


[0m14:38:15.839391 [debug] [MainThread]: Command `dbt debug` failed at 14:38:15.839391 after 1.46 seconds
[0m14:38:15.839391 [debug] [MainThread]: Connection 'debug' was properly closed.
[0m14:38:15.839391 [debug] [MainThread]: Sending event: {'category': 'dbt', 'action': 'invocation', 'label': 'end', 'context': [<snowplow_tracker.self_describing_json.SelfDescribingJson object at 0x0000022D74088BD0>, <snowplow_tracker.self_describing_json.SelfDescribingJson object at 0x0000022D6DE14B10>, <snowplow_tracker.self_describing_json.SelfDescribingJson object at 0x0000022D740C4150>]}
[0m14:38:15.839391 [debug] [MainThread]: Flushing usage events
